This is pdfTeX, Version 3.141592653-2.6-1.40.27 (MiKTeX 25.4) (preloaded format=pdflatex 2025.10.27)  13 JUL 2026 18:47
entering extended mode
 restricted \write18 enabled.
 file:line:error style messages enabled.
 %&-line parsing enabled.
**c:/Users/davil/Desktop/Parallel_Computing/FinalTermProject/template/latex/PC_course_project_template.tex
(c:/Users/davil/Desktop/Parallel_Computing/FinalTermProject/template/latex/PC_course_project_template.tex
LaTeX2e <2025-06-01> patch level 1
L3 programming layer <2025-10-09>
(C:\Users\davil\AppData\Local\Programs\MiKTeX\tex/latex/base\article.cls
Document Class: article 2025/01/22 v1.4n Standard LaTeX document class
(C:\Users\davil\AppData\Local\Programs\MiKTeX\tex/latex/base\size10.clo
File: size10.clo 2025/01/22 v1.4n Standard LaTeX file (size option)
)
\c@part=\count275
\c@section=\count276
\c@subsection=\count277
\c@subsubsection=\count278
\c@paragraph=\count279
\c@subparagraph=\count280
\c@figure=\count281
\c@table=\count282
\abovecaptionskip=\skip49
\belowcaptionskip=\skip50
\bibindent=\dimen148
) (cvpr.sty (eso-pic.sty
Package: eso-pic 2002/11/16 v1.1b eso-pic (RN)
 (cvpr_eso.sty

LaTeX Warning: You have requested package `eso-pic',
               but the package provides `everyshi'.

Package: everyshi 2001/05/15 v3.00 EveryShipout Package (MS)
) (C:\Users\davil\AppData\Local\Programs\MiKTeX\tex/latex/graphics\keyval.sty
Package: keyval 2022/05/29 v1.15 key=value parser (DPC)
\KV@toks@=\toks17
)) (C:\Users\davil\AppData\Local\Programs\MiKTeX\tex/latex/tools\xspace.sty
Package: xspace 2014/10/28 v1.13 Space after command names (DPC,MH)
)
CVPR 8.5 x 11-Inch Proceedings Style `cvpr.sty'.
\@ctmp=\skip51
\@figindent=\skip52
\cvprrulerbox=\box53
\cvprrulercount=\count283
\cvprruleroffset=\dimen149
\cv@lineheight=\dimen150
\cv@boxheight=\dimen151
\cv@tmpbox=\box54
\cv@refno=\count284
\cv@tot=\count285
\cv@tmpc@=\count286
\cv@tmpc=\count287
) (C:\Users\davil\AppData\Local\Programs\MiKTeX\tex/latex/psnfss\times.sty
Package: times 2020/03/25 PSNFSS-v9.3 (SPQR) 
) (C:\Users\davil\AppData\Local\Programs\MiKTeX\tex/latex/graphics\epsfig.sty
Package: epsfig 2024/01/14 v1.7b (e)psfig emulation (SPQR)
 (C:\Users\davil\AppData\Local\Programs\MiKTeX\tex/latex/graphics\graphicx.sty
Package: graphicx 2024/12/31 v1.2e Enhanced LaTeX Graphics (DPC,SPQR)
 (C:\Users\davil\AppData\Local\Programs\MiKTeX\tex/latex/graphics\graphics.sty
Package: graphics 2024/08/06 v1.4g Standard LaTeX Graphics (DPC,SPQR)
 (C:\Users\davil\AppData\Local\Programs\MiKTeX\tex/latex/graphics\trig.sty
Package: trig 2023/12/02 v1.11 sin cos tan (DPC)
) (C:\Users\davil\AppData\Local\Programs\MiKTeX\tex/latex/graphics-cfg\graphics.cfg
File: graphics.cfg 2016/06/04 v1.11 sample graphics configuration
)
Package graphics Info: Driver file: pdftex.def on input line 106.
 (C:\Users\davil\AppData\Local\Programs\MiKTeX\tex/latex/graphics-def\pdftex.def
File: pdftex.def 2025/09/29 v1.2d Graphics/color driver for pdftex
))
\Gin@req@height=\dimen152
\Gin@req@width=\dimen153
)
\epsfxsize=\dimen154
\epsfysize=\dimen155
) (C:\Users\davil\AppData\Local\Programs\MiKTeX\tex/latex/amsmath\amsmath.sty
Package: amsmath 2025/06/16 v2.17y AMS math features
\@mathmargin=\skip53

For additional information on amsmath, use the `?' option.
(C:\Users\davil\AppData\Local\Programs\MiKTeX\tex/latex/amsmath\amstext.sty
Package: amstext 2024/11/17 v2.01 AMS text
 (C:\Users\davil\AppData\Local\Programs\MiKTeX\tex/latex/amsmath\amsgen.sty
File: amsgen.sty 1999/11/30 v2.0 generic functions
\@emptytoks=\toks18
\ex@=\dimen156
)) (C:\Users\davil\AppData\Local\Programs\MiKTeX\tex/latex/amsmath\amsbsy.sty
Package: amsbsy 1999/11/29 v1.2d Bold Symbols
\pmbraise@=\dimen157
) (C:\Users\davil\AppData\Local\Programs\MiKTeX\tex/latex/amsmath\amsopn.sty
Package: amsopn 2022/04/08 v2.04 operator names
)
\inf@bad=\count288
LaTeX Info: Redefining \frac on input line 233.
\uproot@=\count289
\leftroot@=\count290
LaTeX Info: Redefining \overline on input line 398.
LaTeX Info: Redefining \colon on input line 409.
\classnum@=\count291
\DOTSCASE@=\count292
LaTeX Info: Redefining \ldots on input line 495.
LaTeX Info: Redefining \dots on input line 498.
LaTeX Info: Redefining \cdots on input line 619.
\Mathstrutbox@=\box55
\strutbox@=\box56
LaTeX Info: Redefining \big on input line 721.
LaTeX Info: Redefining \Big on input line 722.
LaTeX Info: Redefining \bigg on input line 723.
LaTeX Info: Redefining \Bigg on input line 724.
\big@size=\dimen158
LaTeX Font Info:    Redeclaring font encoding OML on input line 742.
LaTeX Font Info:    Redeclaring font encoding OMS on input line 743.
\macc@depth=\count293
LaTeX Info: Redefining \bmod on input line 904.
LaTeX Info: Redefining \pmod on input line 909.
LaTeX Info: Redefining \smash on input line 939.
LaTeX Info: Redefining \relbar on input line 969.
LaTeX Info: Redefining \Relbar on input line 970.
\c@MaxMatrixCols=\count294
\dotsspace@=\muskip17
\c@parentequation=\count295
\dspbrk@lvl=\count296
\tag@help=\toks19
\row@=\count297
\column@=\count298
\maxfields@=\count299
\andhelp@=\toks20
\eqnshift@=\dimen159
\alignsep@=\dimen160
\tagshift@=\dimen161
\tagwidth@=\dimen162
\totwidth@=\dimen163
\lineht@=\dimen164
\@envbody=\toks21
\multlinegap=\skip54
\multlinetaggap=\skip55
\mathdisplay@stack=\toks22
LaTeX Info: Redefining \[ on input line 2949.
LaTeX Info: Redefining \] on input line 2950.
) (C:\Users\davil\AppData\Local\Programs\MiKTeX\tex/latex/amsfonts\amssymb.sty
Package: amssymb 2013/01/14 v3.01 AMS font symbols
 (C:\Users\davil\AppData\Local\Programs\MiKTeX\tex/latex/amsfonts\amsfonts.sty
Package: amsfonts 2013/01/14 v3.01 Basic AMSFonts support
\symAMSa=\mathgroup4
\symAMSb=\mathgroup5
LaTeX Font Info:    Redeclaring math symbol \hbar on input line 98.
LaTeX Font Info:    Overwriting math alphabet `\mathfrak' in version `bold'
(Font)                  U/euf/m/n --> U/euf/b/n on input line 106.
)) (C:\Users\davil\AppData\Local\Programs\MiKTeX\tex/latex/caption\subcaption.sty
Package: subcaption 2023/07/28 v1.6b Sub-captions (AR)
 (C:\Users\davil\AppData\Local\Programs\MiKTeX\tex/latex/caption\caption.sty
Package: caption 2023/08/05 v3.6o Customizing captions (AR)
 (C:\Users\davil\AppData\Local\Programs\MiKTeX\tex/latex/caption\caption3.sty
Package: caption3 2023/07/31 v2.4d caption3 kernel (AR)
\caption@tempdima=\dimen165
\captionmargin=\dimen166
\caption@leftmargin=\dimen167
\caption@rightmargin=\dimen168
\caption@width=\dimen169
\caption@indent=\dimen170
\caption@parindent=\dimen171
\caption@hangindent=\dimen172
Package caption Info: Unknown document class (or package),
(caption)             standard defaults will be used.
Package caption Info: \@makecaption = \long macro:#1#2-> \setbox \@tempboxa \hbox {\small \noindent #1.~#2} \setlength {\@ctmp }{\hsize } \addtolength {\@ctmp }{-\@figindent }\addtolength {\@ctmp }{-\@figindent } \ifdim \wd \@tempboxa >\@ctmp {\small #1.~#2\par } \else \hbox to\hsize {\hfil \box \@tempboxa \hfil } \fi  on input line 1175.
)

Package caption Warning: Unknown document class (or package),
(caption)                standard defaults will be used.
See the caption package documentation for explanation.

\c@caption@flags=\count300
\c@continuedfloat=\count301
)
Package caption Info: New subtype `subfigure' on input line 238.
\c@subfigure=\count302
Package caption Info: New subtype `subtable' on input line 238.
\c@subtable=\count303
) (C:\Users\davil\AppData\Local\Programs\MiKTeX\tex/latex/listings\listings.sty
\lst@mode=\count304
\lst@gtempboxa=\box57
\lst@token=\toks23
\lst@length=\count305
\lst@currlwidth=\dimen173
\lst@column=\count306
\lst@pos=\count307
\lst@lostspace=\dimen174
\lst@width=\dimen175
\lst@newlines=\count308
\lst@lineno=\count309
\lst@maxwidth=\dimen176
 (C:\Users\davil\AppData\Local\Programs\MiKTeX\tex/latex/listings\lstpatch.sty
File: lstpatch.sty 2024/09/23 1.10c (Carsten Heinz)
) (C:\Users\davil\AppData\Local\Programs\MiKTeX\tex/latex/listings\lstmisc.sty
File: lstmisc.sty 2024/09/23 1.10c (Carsten Heinz)
\c@lstnumber=\count310
\lst@skipnumbers=\count311
\lst@framebox=\box58
) (C:\Users\davil\AppData\Local\Programs\MiKTeX\tex/latex/listings\listings.cfg
File: listings.cfg 2024/09/23 1.10c listings configuration
))
Package: listings 2024/09/23 1.10c (Carsten Heinz)
 (C:\Users\davil\AppData\Local\Programs\MiKTeX\tex/latex/url\url.sty
\Urlmuskip=\muskip18
Package: url 2013/09/16  ver 3.4  Verb mode for urls, etc.
) (C:\Users\davil\AppData\Local\Programs\MiKTeX\tex/latex/tools\verbatim.sty
Package: verbatim 2024-01-22 v1.5x LaTeX2e package for verbatim enhancements
\every@verbatim=\toks24
\verbatim@line=\toks25
\verbatim@in@stream=\read2
)
LaTeX Font Info:    Trying to load font information for OT1+ptm on input line 28.
 (C:\Users\davil\AppData\Local\Programs\MiKTeX\tex/latex/psnfss\ot1ptm.fd
File: ot1ptm.fd 2001/06/04 font definitions for OT1/ptm.
) (C:\Users\davil\AppData\Local\Programs\MiKTeX\tex/latex/l3backend\l3backend-pdftex.def
File: l3backend-pdftex.def 2025-10-09 L3 backend support: PDF output (pdfTeX)
\l__color_backend_stack_int=\count312
) (PC_course_project_template.aux)
\openout1 = `PC_course_project_template.aux'.

LaTeX Font Info:    Checking defaults for OML/cmm/m/it on input line 28.
LaTeX Font Info:    ... okay on input line 28.
LaTeX Font Info:    Checking defaults for OMS/cmsy/m/n on input line 28.
LaTeX Font Info:    ... okay on input line 28.
LaTeX Font Info:    Checking defaults for OT1/cmr/m/n on input line 28.
LaTeX Font Info:    ... okay on input line 28.
LaTeX Font Info:    Checking defaults for T1/cmr/m/n on input line 28.
LaTeX Font Info:    ... okay on input line 28.
LaTeX Font Info:    Checking defaults for TS1/cmr/m/n on input line 28.
LaTeX Font Info:    ... okay on input line 28.
LaTeX Font Info:    Checking defaults for OMX/cmex/m/n on input line 28.
LaTeX Font Info:    ... okay on input line 28.
LaTeX Font Info:    Checking defaults for U/cmr/m/n on input line 28.
LaTeX Font Info:    ... okay on input line 28.
 ABD: EveryShipout initializing macros (C:\Users\davil\AppData\Local\Programs\MiKTeX\tex/latex/graphics\color.sty
Package: color 2025/01/14 v1.3e Standard LaTeX Color (DPC)
 (C:\Users\davil\AppData\Local\Programs\MiKTeX\tex/latex/graphics-cfg\color.cfg
File: color.cfg 2016/01/02 v1.6 sample color configuration
)
Package color Info: Driver file: pdftex.def on input line 149.
 (C:\Users\davil\AppData\Local\Programs\MiKTeX\tex/latex/graphics\mathcolor.ltx)) (C:\Users\davil\AppData\Local\Programs\MiKTeX\tex/context/base/mkii\supp-pdf.mkii
[Loading MPS to PDF converter (version 2006.09.02).]
\scratchcounter=\count313
\scratchdimen=\dimen177
\scratchbox=\box59
\nofMPsegments=\count314
\nofMParguments=\count315
\everyMPshowfont=\toks26
\MPscratchCnt=\count316
\MPscratchDim=\dimen178
\MPnumerator=\count317
\makeMPintoPDFobject=\count318
\everyMPtoPDFconversion=\toks27
) (C:\Users\davil\AppData\Local\Programs\MiKTeX\tex/latex/epstopdf-pkg\epstopdf-base.sty
Package: epstopdf-base 2020-01-24 v2.11 Base part for package epstopdf
Package epstopdf-base Info: Redefining graphics rule for `.eps' on input line 485.
 (C:\Users\davil\AppData\Local\Programs\MiKTeX\tex/latex/00miktex\epstopdf-sys.cfg
File: epstopdf-sys.cfg 2021/03/18 v2.0 Configuration of epstopdf for MiKTeX
))
Package caption Info: Begin \AtBeginDocument code.
Package caption Info: listings package is loaded.
Package caption Info: End \AtBeginDocument code.
\c@lstlisting=\count319
LaTeX Font Info:    Trying to load font information for U+msa on input line 43.
 (C:\Users\davil\AppData\Local\Programs\MiKTeX\tex/latex/amsfonts\umsa.fd
File: umsa.fd 2013/01/14 v3.01 AMS symbols A
)
LaTeX Font Info:    Trying to load font information for U+msb on input line 43.
 (C:\Users\davil\AppData\Local\Programs\MiKTeX\tex/latex/amsfonts\umsb.fd
File: umsb.fd 2013/01/14 v3.01 AMS symbols B
)
LaTeX Font Info:    Trying to load font information for OT1+pcr on input line 43.
 (C:\Users\davil\AppData\Local\Programs\MiKTeX\tex/latex/psnfss\ot1pcr.fd
File: ot1pcr.fd 2001/06/04 font definitions for OT1/pcr.
)



[1{C:/Users/davil/AppData/Local/MiKTeX/fonts/map/pdftex/pdftex.map}{C:/Users/davil/AppData/Local/Programs/MiKTeX/fonts/enc/dvips/base/8r.enc}


]
Underfull \vbox (badness 2096) has occurred while \output is active []



<images/0000.jpg, id=12, 1010.95406pt x 758.21555pt>
File: images/0000.jpg Graphic file (type jpg)
<use images/0000.jpg>
Package pdftex.def Info: images/0000.jpg  used on input line 144.
(pdftex.def)             Requested size: 113.82423pt x 85.35919pt.
<images/0001.jpg, id=13, 1010.95406pt x 758.21555pt>
File: images/0001.jpg Graphic file (type jpg)
<use images/0001.jpg>
Package pdftex.def Info: images/0001.jpg  used on input line 150.
(pdftex.def)             Requested size: 113.82423pt x 85.35919pt.
<images/0002.jpg, id=14, 1010.95406pt x 758.21555pt>
File: images/0002.jpg Graphic file (type jpg)
<use images/0002.jpg>
Package pdftex.def Info: images/0002.jpg  used on input line 159.
(pdftex.def)             Requested size: 113.82423pt x 85.35919pt.
<images/0003.jpg, id=15, 1010.95406pt x 758.21555pt>
File: images/0003.jpg Graphic file (type jpg)
<use images/0003.jpg>
Package pdftex.def Info: images/0003.jpg  used on input line 165.
(pdftex.def)             Requested size: 113.82423pt x 85.35919pt.
<images/final_panorama.jpg, id=16, 5166.30125pt x 3609.485pt>
File: images/final_panorama.jpg Graphic file (type jpg)
<use images/final_panorama.jpg>
Package pdftex.def Info: images/final_panorama.jpg  used on input line 174.
(pdftex.def)             Requested size: 237.13594pt x 165.66931pt.
LaTeX Font Info:    Trying to load font information for TS1+ptm on input line 191.
(C:\Users\davil\AppData\Local\Programs\MiKTeX\tex/latex/psnfss\ts1ptm.fd
File: ts1ptm.fd 2001/06/04 font definitions for TS1/ptm.
)
Underfull \hbox (badness 1199) in paragraph at lines 190--193
\OT1/ptm/m/n/12 which con-tains high-resolution aerial im-agery
 []


Underfull \hbox (badness 1092) in paragraph at lines 194--199
\OT1/ptm/m/n/12 to align (usu-ally due to low-texture ar-eas or
 []


Underfull \hbox (badness 1077) in paragraph at lines 194--199
\OT1/ptm/m/n/12 work us-ing \OT1/pcr/m/n/12 window[]diagnostics.py \OT1/ptm/m/n/12 and
 []



[2]
Underfull \vbox (badness 10000) has occurred while \output is active []




Underfull \hbox (badness 1496) in paragraph at lines 227--239
\OT1/ptm/m/n/12 ti-ma-tion (RANSAC) and can-vas blend-ing
 []



[3 <./images/0000.jpg> <./images/0001.jpg> <./images/0002.jpg> <./images/0003.jpg> <./images/final_panorama.jpg>]
Underfull \hbox (badness 2538) in paragraph at lines 241--244
\OT1/ptm/m/n/12 tween con-cur-rency paradigms, language-level
 []


Underfull \hbox (badness 1565) in paragraph at lines 241--244
\OT1/ptm/m/n/12 ar-chi-tec-tural con-fig-u-ra-tions were im-ple-mented
 []

(C:\Users\davil\AppData\Local\Programs\MiKTeX\tex/latex/listings\lstlang1.sty
File: lstlang1.sty 2024/09/23 1.10c listings language file
)


Underfull \hbox (badness 10000) in paragraph at lines 279--284
[]\OT1/ptm/m/n/12 Every other pipeline eval-u-ated in this
 []


Underfull \hbox (badness 1616) in paragraph at lines 279--284
\OT1/ptm/m/n/12 study pre-serves this same match $\OMS/cmsy/m/n/12 !$ \OT1/ptm/m/n/12 ho-mog-
 []


Underfull \hbox (badness 2913) in paragraph at lines 292--298
 \OT1/ptm/b/n/10 Threaded I/O load-ing.[] \OT1/ptm/m/n/12 Im-age load-ing is han-
 []


Underfull \hbox (badness 1584) in paragraph at lines 292--298
\OT1/ptm/m/n/12 dled by a \OT1/pcr/m/n/12 ThreadPoolExecutor\OT1/ptm/m/n/12 . Since
 []



[4]
Underfull \hbox (badness 2486) in paragraph at lines 299--312
 \OT1/ptm/b/n/10 Process-pool SIFT ex-trac-tion.[] \OT1/ptm/m/n/12 SIFT fea-ture ex-
 []


Underfull \hbox (badness 1062) in paragraph at lines 299--312
\OT1/ptm/m/n/12 trac-tion is a heavy CPU-bound task. Us-ing
 []


Underfull \hbox (badness 2726) in paragraph at lines 299--312
\OT1/ptm/m/n/12 is used. This gives each worker its own
 []


Underfull \hbox (badness 2626) in paragraph at lines 299--312
\OT1/ptm/m/n/12 How-ever, this cre-ates a data trans-fer is-sue:
 []


Underfull \hbox (badness 3009) in paragraph at lines 313--328
 \OT1/ptm/b/n/10 Tiled blend-ing.[] \OT1/ptm/m/n/12 The fi-nal stage uses a third
 []


Underfull \hbox (badness 1320) in paragraph at lines 313--328
\OT1/ptm/m/n/12 type of par-al-lelism. In-stead of par-al-leliz-ing
 []


Underfull \hbox (badness 1924) in paragraph at lines 313--328
\OT1/ptm/m/n/12 across im-ages or I/O re-quests, the blend-ing
 []


Underfull \hbox (badness 1460) in paragraph at lines 313--328
\OT1/ptm/m/n/12 avoids the high over-head of pro-cesses, even
 []



LaTeX Font Info:    Font shape `OT1/pcr/m/it' in size <8> not available
(Font)              Font shape `OT1/pcr/m/sl' tried instead on input line 337.


[5]
Underfull \hbox (badness 4108) in paragraph at lines 382--391
 \OT1/ptm/b/n/10 Ar-chi-tec-ture.[] \OT1/ptm/m/n/12 A sin-gle \OT1/ptm/m/it/12 pro-ducer \OT1/ptm/m/n/12 thread sub-
 []


Underfull \hbox (badness 1348) in paragraph at lines 382--391
\OT1/ptm/m/n/12 warm \OT1/pcr/m/n/12 ProcessPoolExecutor \OT1/ptm/m/n/12 at the start
 []


Underfull \hbox (badness 1546) in paragraph at lines 382--391
\OT1/ptm/m/n/12 of the win-dow, al-low-ing the pool to sched-
 []


Underfull \hbox (badness 5119) in paragraph at lines 382--391
\OT1/ptm/m/n/12 the re-turned key-points and pushes the tu-
 []


Underfull \hbox (badness 10000) in paragraph at lines 392--402
[]\OT1/ptm/m/n/12 It is worth un-der-lin-ing that pro-ducer
 []


Underfull \hbox (badness 4940) in paragraph at lines 392--402
\OT1/ptm/m/n/12 and con-sumer live in the \OT1/ptm/m/it/12 same \OT1/ptm/m/n/12 operating-
 []


Underfull \hbox (badness 10000) in paragraph at lines 392--402
\OT1/ptm/m/n/12 system pro-cess, com-mu-ni-cat-ing through
 []


Underfull \hbox (badness 10000) in paragraph at lines 392--402
\OT1/ptm/m/n/12 a stan-dard \OT1/pcr/m/n/12 queue.Queue \OT1/ptm/m/n/12 rather than a
 []


Underfull \hbox (badness 1297) in paragraph at lines 392--402
\OT1/ptm/m/n/12 ex-actly once per im-age, only at the pro-cess
 []


Underfull \hbox (badness 5475) in paragraph at lines 392--402
\OT1/pcr/m/n/12 ProcessPoolExecutor \OT1/ptm/m/n/12 worker that per-
 []


Underfull \hbox (badness 4608) in paragraph at lines 403--412
 \OT1/ptm/b/n/10 Back-pres-sure and ter-mi-na-tion.[] \OT1/ptm/m/n/12 The queue has
 []


Underfull \hbox (badness 2884) in paragraph at lines 403--412
\OT1/ptm/m/n/12 a fixed max-i-mum size (\OT1/pcr/m/n/12 queue[]depth\OT1/ptm/m/n/12 , set
 []


Underfull \hbox (badness 1990) in paragraph at lines 403--412
\OT1/ptm/m/n/12 to two items by de-fault), which causes the
 []


Underfull \hbox (badness 1142) in paragraph at lines 414--424
 \OT1/ptm/b/n/10 Com-bin-ing task and data par-al-lelism.[] \OT1/ptm/m/n/12 This vari-
 []


Underfull \hbox (badness 8170) in paragraph at lines 414--424
\OT1/ptm/m/n/12 al-lelism on top of the producer-consumer
 []


Underfull \hbox (badness 10000) in paragraph at lines 414--424
\OT1/ptm/m/n/12 vokes \OT1/pcr/m/n/12 warp[]and[]blend[]tiling\OT1/ptm/m/n/12 , which
 []


Underfull \hbox (badness 6252) in paragraph at lines 414--424
\OT1/ptm/m/n/12 par-ti-tions the warped can-vas into hor-i-zon-
 []


Underfull \hbox (badness 3646) in paragraph at lines 414--424
\OT1/ptm/m/n/12 tal strips and blends them con-cur-rently on
 []


Underfull \hbox (badness 1997) in paragraph at lines 414--424
\OT1/ptm/m/n/12 a \OT1/pcr/m/n/12 ThreadPoolExecutor\OT1/ptm/m/n/12 . The producer-
 []


Underfull \hbox (badness 1057) in paragraph at lines 414--424
\OT1/ptm/m/n/12 pool (blend-ing) can be ac-tive si-mul-ta-ne-ously,
 []




Overfull \hbox (11.6663pt too wide) in paragraph at lines 428--429
[][][][][][][][][] 
 []


Underfull \hbox (badness 1789) in paragraph at lines 447--453
[]\OT1/ptm/m/n/12 Functional de-com-po-si-tion prin-ci-ples in-spire
 []


Underfull \hbox (badness 1565) in paragraph at lines 447--453
\OT1/ptm/m/n/12 this fourth ar-chi-tec-tural vari-ant. Un-like the
 []


Underfull \hbox (badness 10000) in paragraph at lines 447--453
\OT1/ptm/m/n/12 se-quen-tial, par-al-lel and producer-consumer
 []


Underfull \hbox (badness 1708) in paragraph at lines 447--453
\OT1/ptm/m/n/12 ant re-struc-tures the com-pu-ta-tion as a bi-nary
 []


Underfull \hbox (badness 4832) in paragraph at lines 455--462
 \OT1/ptm/b/n/10 Map phase.[] \OT1/ptm/m/n/12 The in-put dataset is first par-
 []


Underfull \hbox (badness 5771) in paragraph at lines 455--462
\OT1/ptm/m/n/12 ti-tioned into $\OML/cmm/m/it/12 n$ \OT1/ptm/m/n/12 in-de-pen-dent im-age in-dices,
 []


Underfull \hbox (badness 4181) in paragraph at lines 455--462
\OT1/ptm/m/n/12 each dis-patched to a worker pro-cess in a
 []


Underfull \vbox (badness 4479) has occurred while \output is active []



[6]
Underfull \hbox (badness 2837) in paragraph at lines 464--466
 \OT1/ptm/b/n/10 Re-duce phase.[] \OT1/ptm/m/n/12 The sub-se-quent phase de-parts
 []


Underfull \hbox (badness 10000) in paragraph at lines 468--470
[]\OT1/ptm/b/n/12 Level 1\OT1/ptm/m/n/12 : ad-ja-cent pairs
 []


Underfull \hbox (badness 1014) in paragraph at lines 468--470
\OT1/cmr/m/n/12 (0\OML/cmm/m/it/12 ; \OT1/cmr/m/n/12 1)\OML/cmm/m/it/12 ; \OT1/cmr/m/n/12 (2\OML/cmm/m/it/12 ; \OT1/cmr/m/n/12 3)\OML/cmm/m/it/12 ; \OT1/cmr/m/n/12 (4\OML/cmm/m/it/12 ; \OT1/cmr/m/n/12 5)\OML/cmm/m/it/12 ; []$ \OT1/ptm/m/n/12 are stitched con-cur-
 []



LaTeX Font Info:    Font shape `OT1/pcr/m/it' in size <9> not available
(Font)              Font shape `OT1/pcr/m/sl' tried instead on input line 502.

Underfull \hbox (badness 10000) in paragraph at lines 524--531
 \OT1/ptm/b/n/10 Cor-rect-ness caveat.[] \OT1/ptm/m/n/12 Un-like the linear-fold
 []


Underfull \hbox (badness 1314) in paragraph at lines 524--531
\OT1/ptm/m/n/12 to be bit-identical to the se-quen-tial base-line.
 []


Underfull \hbox (badness 5105) in paragraph at lines 524--531
\OT1/ptm/m/n/12 is in-her-ently order-dependent; the re-sult-ing
 []


Underfull \hbox (badness 1484) in paragraph at lines 524--531
\OT1/ptm/m/n/12 the re-duce worker's fall-back dis-cards a pair.
 []


Underfull \hbox (badness 1158) in paragraph at lines 524--531
\OT1/ptm/m/n/12 ge-o-met-ri-cally plau-si-ble, but a pixel-level dif-
 []



[7]
Underfull \hbox (badness 10000) in paragraph at lines 547--551
[]\OT1/ptm/m/n/12 This fifth vari-ant re-places the man-ual
 []


Underfull \hbox (badness 10000) in paragraph at lines 547--551
\OT1/pcr/m/n/12 ProcessPoolExecutor \OT1/ptm/m/n/12 or-ches-tra-tion
 []


Underfull \hbox (badness 2828) in paragraph at lines 547--551
\OT1/ptm/m/n/12 used in \OT1/pcr/m/n/12 parallel.py \OT1/ptm/m/n/12 with the high-level
 []


Underfull \hbox (badness 2884) in paragraph at lines 547--551
\OT1/pcr/m/n/12 joblib.Parallel \OT1/ptm/m/n/12 in-ter-face, re-tain-ing the
 []


Underfull \hbox (badness 10000) in paragraph at lines 547--551
\OT1/ptm/m/n/12 same over-all ar-chi-tec-ture while del-e-gat-ing
 []


Underfull \hbox (badness 10000) in paragraph at lines 553--561
 \OT1/ptm/b/n/10 Mo-ti-va-tion.[] \OT1/ptm/m/n/12 Ev-ery par-al-lel and MapRe-duce
 []


Underfull \hbox (badness 10000) in paragraph at lines 553--561
\OT1/ptm/m/n/12 im-age ar-ray crosses a pro-cess bound-ary:
 []


Underfull \hbox (badness 5359) in paragraph at lines 553--561
\OT1/pcr/m/n/12 multiprocessing \OT1/ptm/m/n/12 pick-les the full ar-ray
 []


Underfull \hbox (badness 10000) in paragraph at lines 553--561
\OT1/ptm/m/n/12 a \OT1/pcr/m/n/12 multiprocessing.shared[]memory
 []




Underfull \hbox (badness 10000) in paragraph at lines 563--572
 \OT1/ptm/b/n/10 Au-to-matic memmap-ping.[] \OT1/ptm/m/n/12 When an
 []


Underfull \hbox (badness 10000) in paragraph at lines 563--572
\OT1/ptm/m/n/12 ar-ray ar-gu-ment passed through
 []


Underfull \hbox (badness 10000) in paragraph at lines 563--572
\OT1/pcr/m/n/12 Parallel(...)(delayed(fn)(arg)
 []


Underfull \hbox (badness 10000) in paragraph at lines 563--572
\OT1/pcr/m/n/12 for arg in ...) \OT1/ptm/m/n/12 ex-ceeds the
 []


Underfull \hbox (badness 3612) in paragraph at lines 563--572
\OT1/pcr/m/n/12 max[]nbytes \OT1/ptm/m/n/12 thresh-old, Joblib trans-par-ently
 []


Underfull \hbox (badness 1789) in paragraph at lines 563--572
\OT1/ptm/m/n/12 en-sures that ev-ery large im-age au-to-mat-i-cally
 []


Underfull \hbox (badness 1603) in paragraph at lines 563--572
\OT1/ptm/m/n/12 re-main stan-dard in-memory ob-jects, avoid-ing
 []


Underfull \hbox (badness 10000) in paragraph at lines 587--600
 \OT1/ptm/b/n/10 Back-end and worker-pool reuse.[] \OT1/ptm/m/n/12 The
 []


Underfull \hbox (badness 10000) in paragraph at lines 587--600
\OT1/pcr/m/n/12 loky \OT1/ptm/m/n/12 back-end is ex-plic-itly cho-
 []


Underfull \hbox (badness 10000) in paragraph at lines 587--600
\OT1/ptm/m/n/12 sen us-ing \OT1/pcr/m/n/12 backend="loky" \OT1/ptm/m/n/12 and
 []


Underfull \hbox (badness 10000) in paragraph at lines 587--600
\OT1/pcr/m/n/12 prefer="processes"\OT1/ptm/m/n/12 . This pre-vents
 []


Underfull \hbox (badness 1163) in paragraph at lines 587--600
\OT1/ptm/m/n/12 Joblib from silently switch-ing to a thread-ing
 []


Underfull \hbox (badness 1817) in paragraph at lines 587--600
\OT1/ptm/m/n/12 back-end, en-sur-ing that the CPU-heavy SIFT
 []


Underfull \hbox (badness 3128) in paragraph at lines 587--600
\OT1/ptm/m/n/12 ex-trac-tion uses sep-a-rate pro-cesses and truly
 []


Underfull \hbox (badness 1931) in paragraph at lines 587--600
\OT1/ptm/m/n/12 by-passes the GIL. Fur-ther-more, \OT1/pcr/m/n/12 loky \OT1/ptm/m/n/12 au-to-
 []


Underfull \hbox (badness 1097) in paragraph at lines 587--600
\OT1/ptm/m/n/12 mat-i-cally keeps its worker pro-cesses alive in
 []


Underfull \hbox (badness 3895) in paragraph at lines 587--600
\OT1/pcr/m/n/12 extract[]features[]joblib \OT1/ptm/m/n/12 is called re-
 []


Underfull \hbox (badness 1997) in paragraph at lines 587--600
\OT1/ptm/m/n/12 the high cost of spawn-ing op-er-at-ing sys-tem
 []



[8]
Underfull \hbox (badness 4765) in paragraph at lines 603--613
\OT1/ptm/m/n/12 tion is a ma-jor per-for-mance bot-tle-neck in
 []


Underfull \hbox (badness 10000) in paragraph at lines 615--623
\OT1/ptm/m/n/12 ing \OT1/pcr/m/n/12 multiprocessing.shared[]memory\OT1/ptm/m/n/12 ,
 []


Underfull \hbox (badness 2401) in paragraph at lines 615--623
\OT1/ptm/m/n/12 ory space rather than pick-ling data through
 []


Underfull \hbox (badness 10000) in paragraph at lines 615--623
\OT1/ptm/m/n/12 the mul-ti-pro-cess-ing IPC chan-nel. Af-ter
 []


Underfull \hbox (badness 10000) in paragraph at lines 615--623
\OT1/pcr/m/n/12 load[]images[]parallel() \OT1/ptm/m/n/12 pro-duces the
 []




Underfull \hbox (badness 6808) in paragraph at lines 662--669
[]\OT1/ptm/m/n/12 To en-sure a sta-tis-ti-cally sound and re-
 []


Underfull \hbox (badness 2452) in paragraph at lines 662--669
\OT1/ptm/m/n/12 pro-ducible com-par-i-son across the six stitch-
 []


Underfull \hbox (badness 2165) in paragraph at lines 662--669
\OT1/ptm/m/n/12 ing pipelines de-scribed in the pre-vi-ous sec-
 []


Underfull \hbox (badness 4205) in paragraph at lines 662--669
\OT1/ptm/m/n/12 tions, a ded-i-cated bench-mark-ing frame-work
 []



[9]
Underfull \hbox (badness 10000) in paragraph at lines 676--683
\OT1/ptm/m/n/12 work is con-fig-ured with the \OT1/pcr/m/n/12 NUM[]CORES
 []


Underfull \hbox (badness 10000) in paragraph at lines 676--683
\OT1/ptm/m/n/12 con-stant set to match the log-i-cal thread
 []


Underfull \hbox (badness 1259) in paragraph at lines 676--683
\OT1/ptm/m/n/12 count of the eval-u-a-tion hard-ware. This pa-
 []


Underfull \hbox (badness 10000) in paragraph at lines 676--683
\OT1/ptm/m/n/12 ram-e-ter strictly gov-erns the worker count
 []


Underfull \hbox (badness 10000) in paragraph at lines 676--683
\OT1/ptm/m/n/12 of ev-ery \OT1/pcr/m/n/12 ProcessPoolExecutor \OT1/ptm/m/n/12 and
 []


Underfull \hbox (badness 2073) in paragraph at lines 685--695
\OT1/pcr/m/n/12 PipelineSpec \OT1/ptm/m/n/12 record (List-ing 7[]): a dis-
 []


Underfull \hbox (badness 1596) in paragraph at lines 685--695
\OT1/ptm/m/n/12 play name, a \OT1/pcr/m/n/12 run(images, resources,
 []




Underfull \hbox (badness 1939) in paragraph at lines 737--741
[]\OT1/ptm/m/n/12 For ev-ery pipeline, two un-timed warm-up
 []



[10]
Underfull \hbox (badness 6220) in paragraph at lines 742--748
[]\OT1/ptm/m/n/12 To en-sure con-sis-tent re-sults, the frame-
 []


Underfull \hbox (badness 6332) in paragraph at lines 742--748
\OT1/ptm/m/n/12 work forces an ex-plicit garbage col-lec-tion
 []


Underfull \hbox (badness 1803) in paragraph at lines 742--748
\OT1/ptm/m/n/12 pauses and hard-ware ther-mal throt-tling from
 []





[11]
Underfull \hbox (badness 10000) in paragraph at lines 809--815
[]\OT1/ptm/m/n/12 For each win-dow, the frame-work ex-
 []


Underfull \hbox (badness 10000) in paragraph at lines 809--815
\OT1/ptm/m/n/12 ports two CSV files un-der \OT1/pcr/m/n/12 results/\OT1/ptm/m/n/12 :
 []


Underfull \hbox (badness 10000) in paragraph at lines 809--815
\OT1/pcr/m/n/12 benchmark[]results.csv\OT1/ptm/m/n/12 , con-tain-ing
 []


Underfull \hbox (badness 10000) in paragraph at lines 809--815
\OT1/ptm/m/n/12 per-phase mean, stan-dard de-vi-a-tion, mar-
 []


Underfull \hbox (badness 10000) in paragraph at lines 809--815
\OT1/ptm/m/n/12 gin and speedup with con-fi-dence bounds
 []


Underfull \hbox (badness 10000) in paragraph at lines 809--815
\OT1/ptm/m/n/12 for ev-ery (base-line, can-di-date) pair and
 []


Underfull \hbox (badness 10000) in paragraph at lines 809--815
\OT1/pcr/m/n/12 correctness[]results.csv\OT1/ptm/m/n/12 , con-tain-
 []


Underfull \hbox (badness 7238) in paragraph at lines 809--815
\OT1/ptm/m/n/12 ing the pixel-comparison met-rics de-scribed
 []


Underfull \hbox (badness 3536) in paragraph at lines 809--815
\OT1/ptm/m/n/12 to \OT1/pcr/m/n/12 data/output/benchmark/ \OT1/ptm/m/n/12 for vi-sual
 []


Underfull \hbox (badness 1502) in paragraph at lines 830--836
\OT1/ptm/m/n/12 cu-lated by di-vid-ing the sum of the base-line
 []


Underfull \hbox (badness 3312) in paragraph at lines 830--836
\OT1/ptm/m/n/12 times across all win-dows) for each of the
 []


Underfull \hbox (badness 1603) in paragraph at lines 830--836
\OT1/ptm/m/n/12 six phases (SIFT Ex-trac-tion, Fea-ture Match-
 []


Underfull \hbox (badness 2334) in paragraph at lines 830--836
\OT1/ptm/m/n/12 Fea-ture Re-extraction, TO-TAL), re-peated for
 []



<images/speedup_per_phase_1c_4s.png, id=56, 867.24pt x 433.62pt>
File: images/speedup_per_phase_1c_4s.png Graphic file (type png)
<use images/speedup_per_phase_1c_4s.png>
Package pdftex.def Info: images/speedup_per_phase_1c_4s.png  used on input line 841.
(pdftex.def)             Requested size: 238.48886pt x 119.24255pt.
<images/speedup_per_phase_2c_4s.png, id=58, 867.24pt x 433.62pt>
File: images/speedup_per_phase_2c_4s.png Graphic file (type png)
<use images/speedup_per_phase_2c_4s.png>
Package pdftex.def Info: images/speedup_per_phase_2c_4s.png  used on input line 848.
(pdftex.def)             Requested size: 238.48886pt x 119.24255pt.
<images/speedup_per_phase_4c_4s.png, id=59, 867.24pt x 433.62pt>
File: images/speedup_per_phase_4c_4s.png Graphic file (type png)
<use images/speedup_per_phase_4c_4s.png>
Package pdftex.def Info: images/speedup_per_phase_4c_4s.png  used on input line 857.
(pdftex.def)             Requested size: 238.48886pt x 119.24255pt.
<images/speedup_per_phase_8c_4s.png, id=60, 867.24pt x 433.62pt>
File: images/speedup_per_phase_8c_4s.png Graphic file (type png)
<use images/speedup_per_phase_8c_4s.png>
Package pdftex.def Info: images/speedup_per_phase_8c_4s.png  used on input line 864.
(pdftex.def)             Requested size: 238.48886pt x 119.24255pt.

Underfull \hbox (badness 1253) in paragraph at lines 876--882
[]\OT1/ptm/m/n/12 At a sin-gle core (Fig-ure 2a[]), ev-ery phase
 []


Underfull \hbox (badness 5847) in paragraph at lines 876--882
\OT1/ptm/m/n/12 for ev-ery can-di-date sits at or just be-low
 []


Underfull \hbox (badness 3954) in paragraph at lines 876--882
\OT1/cmr/m/n/12 1\OML/cmm/m/it/12 :\OT1/cmr/m/n/12 0\OMS/cmsy/m/n/12 ^^B$ \OT1/ptm/m/n/12 (typ-i-cally $\OT1/cmr/m/n/12 0\OML/cmm/m/it/12 :\OT1/cmr/m/n/12 97$\OT1/ptm/m/n/12 --$\OT1/cmr/m/n/12 1\OML/cmm/m/it/12 :\OT1/cmr/m/n/12 00\OMS/cmsy/m/n/12 ^^B$\OT1/ptm/m/n/12 ). This is the
 []


Underfull \hbox (badness 5119) in paragraph at lines 876--882
\OT1/ptm/m/n/12 ex-pected be-hav-ior: with only one worker
 []


Underfull \hbox (badness 10000) in paragraph at lines 876--882
\OT1/ptm/m/n/12 avail-able, a \OT1/pcr/m/n/12 ProcessPoolExecutor \OT1/ptm/m/n/12 or
 []


Underfull \hbox (badness 2197) in paragraph at lines 876--882
\OT1/pcr/m/n/12 ThreadPoolExecutor \OT1/ptm/m/n/12 still in-curs its full
 []


Underfull \hbox (badness 1460) in paragraph at lines 892--896
\OT1/ptm/m/n/12 Ex-trac-tion es-sen-tially \OT1/ptm/m/it/12 plateaus\OT1/ptm/m/n/12 : its ag-gre-gate
 []


Underfull \hbox (badness 1527) in paragraph at lines 897--904
\OT1/ptm/m/n/12 and 8 log-i-cal threads, hyper-threaded sib-ling
 []


Underfull \hbox (badness 1360) in paragraph at lines 897--904
\OT1/ptm/m/n/12 threads share these phys-i-cal re-sources, lim-it-
 []



[12]

<images/speedup_per_phase_8c_8s.png, id=64, 867.24pt x 433.62pt>
File: images/speedup_per_phase_8c_8s.png Graphic file (type png)
<use images/speedup_per_phase_8c_8s.png>
Package pdftex.def Info: images/speedup_per_phase_8c_8s.png  used on input line 927.
(pdftex.def)             Requested size: 237.13594pt x 118.56767pt.


[13 <./images/speedup_per_phase_1c_4s.png> <./images/speedup_per_phase_2c_4s.png> <./images/speedup_per_phase_4c_4s.png> <./images/speedup_per_phase_8c_4s.png>]
Underfull \hbox (badness 2165) in paragraph at lines 947--949
\OT1/ptm/m/n/12 for-mance char-ac-ter-is-tics of each con-cur-rency
 []


Underfull \hbox (badness 2126) in paragraph at lines 947--949
\OT1/ptm/m/n/12 paradigm, the ex-e-cu-tion times were pro-filed
 []


Underfull \hbox (badness 1762) in paragraph at lines 947--949
\OT1/ptm/m/n/12 across the in-di-vid-ual phases of the stitch-ing
 []




Underfull \hbox (badness 2343) in paragraph at lines 978--986
\OT1/ptm/m/n/12 demon-strates that the four linear-fold strate-
 []


Underfull \hbox (badness 1189) in paragraph at lines 978--986
\OT1/ptm/m/n/12 gies (\OT1/ptm/m/it/12 joblib\OT1/ptm/m/n/12 , \OT1/ptm/m/it/12 par-al-lel\OT1/ptm/m/n/12 , \OT1/ptm/m/it/12 producer-consumer \OT1/ptm/m/n/12 and
 []

<images/speedup_vs_cores.png, id=73, 1293.1512pt x 460.6008pt>
File: images/speedup_vs_cores.png Graphic file (type png)
<use images/speedup_vs_cores.png>
Package pdftex.def Info: images/speedup_vs_cores.png  used on input line 997.
(pdftex.def)             Requested size: 237.13594pt x 84.4578pt.


[14 <./images/speedup_per_phase_8c_8s.png> <./images/speedup_vs_cores.png>]
<images/speedup_total_per_window_4c_4s.png, id=79, 1011.78pt x 433.62pt>
File: images/speedup_total_per_window_4c_4s.png Graphic file (type png)
<use images/speedup_total_per_window_4c_4s.png>
Package pdftex.def Info: images/speedup_total_per_window_4c_4s.png  used on input line 1030.
(pdftex.def)             Requested size: 422.33084pt x 181.00096pt.

Underfull \hbox (badness 1917) in paragraph at lines 1043--1050
\OT1/ptm/m/n/12 dif-fer-ently by fre-quently achiev-ing the high-
 []





[15]
Underfull \hbox (badness 1122) in paragraph at lines 1080--1092
\OT1/ptm/m/n/12 tinct en-gi-neer-ing ap-proaches to re-duc-ing IPC
 []


Underfull \hbox (badness 1728) in paragraph at lines 1080--1092
\OT1/ptm/m/n/12 and schedul-ing over-head, their ag-gre-gate to-
 []


Underfull \hbox (badness 1997) in paragraph at lines 1080--1092
\OT1/ptm/m/n/12 tal times dif-fer by less than $\OT1/cmr/m/n/12 1%$ \OT1/ptm/m/n/12 (Ta-ble 1[]).
 []


Underfull \hbox (badness 1028) in paragraph at lines 1080--1092
\OT1/ptm/m/n/12 tion over-head is not a mean-ing-ful bot-tle-neck
 []


Underfull \hbox (badness 1189) in paragraph at lines 1080--1092
\OT1/ptm/m/n/12 in-vested in \OT1/pcr/m/n/12 shared[]memory[]pipeline.py
 []


Underfull \hbox (badness 1496) in paragraph at lines 1080--1092
\OT1/ptm/m/n/12 and \OT1/pcr/m/n/12 joblib[]pipeline.py\OT1/ptm/m/n/12 , while method-
 []



(PC_course_project_template.bbl
Underfull \hbox (badness 10000) in paragraph at lines 4--7
[]\OT1/ptm/m/n/9 OpenDroneMap Con-trib-u-tors.  Auk-er-man Dataset.
 []


Underfull \hbox (badness 10000) in paragraph at lines 4--7
\OT1/pcr/m/n/9 https : / / github . com / OpenDroneMap / odm _ data _
 []


Underfull \vbox (badness 1371) has occurred while \output is active []



[16 <./images/speedup_total_per_window_4c_4s.png>])



[17

] (PC_course_project_template.aux)
 ***********
LaTeX2e <2025-06-01> patch level 1
L3 programming layer <2025-10-09>
 ***********
 ) 
Here is how much of TeX's memory you used:
 6649 strings out of 468080
 105525 string characters out of 5425771
 757399 words of memory out of 5000000
 35220 multiletter control sequences out of 15000+600000
 658369 words of font info for 113 fonts, out of 8000000 for 9000
 1141 hyphenation exceptions out of 8191
 72i,9n,79p,485b,1606s stack positions out of 10000i,1000n,20000p,200000b,200000s
<C:/Users/davil/AppData/Local/Programs/MiKTeX/fonts/type1/public/amsfonts/cm/cmex10.pfb><C:/Users/davil/AppData/Local/Programs/MiKTeX/fonts/type1/public/amsfonts/cm/cmmi12.pfb><C:/Users/davil/AppData/Local/Programs/MiKTeX/fonts/type1/public/amsfonts/cm/cmmi6.pfb><C:/Users/davil/AppData/Local/Programs/MiKTeX/fonts/type1/public/amsfonts/cm/cmmi8.pfb><C:/Users/davil/AppData/Local/Programs/MiKTeX/fonts/type1/public/amsfonts/cm/cmr12.pfb><C:/Users/davil/AppData/Local/Programs/MiKTeX/fonts/type1/public/amsfonts/cm/cmr6.pfb><C:/Users/davil/AppData/Local/Programs/MiKTeX/fonts/type1/public/amsfonts/cm/cmr8.pfb><C:/Users/davil/AppData/Local/Programs/MiKTeX/fonts/type1/public/amsfonts/cm/cmsy10.pfb><C:/Users/davil/AppData/Local/Programs/MiKTeX/fonts/type1/public/amsfonts/cm/cmsy8.pfb><C:/Users/davil/AppData/Local/Programs/MiKTeX/fonts/type1/urw/courier/ucrb8a.pfb><C:/Users/davil/AppData/Local/Programs/MiKTeX/fonts/type1/urw/courier/ucrr8a.pfb><C:/Users/davil/AppData/Local/Programs/MiKTeX/fonts/type1/urw/courier/ucrro8a.pfb><C:/Users/davil/AppData/Local/Programs/MiKTeX/fonts/type1/urw/times/utmb8a.pfb><C:/Users/davil/AppData/Local/Programs/MiKTeX/fonts/type1/urw/times/utmr8a.pfb><C:/Users/davil/AppData/Local/Programs/MiKTeX/fonts/type1/urw/times/utmri8a.pfb>
Output written on PC_course_project_template.pdf (17 pages, 35286464 bytes).
PDF statistics:
 153 PDF objects out of 1000 (max. 8388607)
 0 named destinations out of 1000 (max. 500000)
 61 words of extra memory for PDF output out of 10000 (max. 10000000)

